<?xml version="1.0" encoding="UTF-8"?>
<testsuite xmlns:xsi="http://www.w3.org/2001/XMLSchema-instance" xsi:noNamespaceSchemaLocation="https://maven.apache.org/surefire/maven-surefire-plugin/xsd/surefire-test-report.xsd" name="com.pluralsight.courseinfo.cli.service.PluralsightCourseTest" time="0.057" tests="3" errors="0" skipped="0" failures="0">
  <properties>
[...]
</properties>
  <testcase name="durationInMinutes{String, long}[1]" classname="com.pluralsight.courseinfo.cli.service.PluralsightCourseTest" time="0.027"/>
  <testcase name="durationInMinutes{String, long}[2]" classname="com.pluralsight.courseinfo.cli.service.PluralsightCourseTest" time="0.001"/>
  <testcase name="durationInMinutes{String, long}[3]" classname="com.pluralsight.courseinfo.cli.service.PluralsightCourseTest" time="0.001"/>
</testsuite>